Determining if the pthread_create exist failed with the following output:
Change Dir: /home/autolabor/rs_catkin/build/CMakeFiles/CMakeTmp

Run Build Command:"/usr/bin/make" "cmTC_2c340/fast"
/usr/bin/make -f CMakeFiles/cmTC_2c340.dir/build.make CMakeFiles/cmTC_2c340.dir/build
make[1]: 进入目录“/home/autolabor/rs_catkin/build/CMakeFiles/CMakeTmp”
Building C object CMakeFiles/cmTC_2c340.dir/CheckSymbolExists.c.o
/usr/bin/cc    -o CMakeFiles/cmTC_2c340.dir/CheckSymbolExists.c.o   -c /home/autolabor/rs_catkin/build/CMakeFiles/CMakeTmp/CheckSymbolExists.c
Linking C executable cmTC_2c340
/usr/bin/cmake -E cmake_link_script CMakeFiles/cmTC_2c340.dir/link.txt --verbose=1
/usr/bin/cc      -rdynamic CMakeFiles/cmTC_2c340.dir/CheckSymbolExists.c.o  -o cmTC_2c340 
CMakeFiles/cmTC_2c340.dir/CheckSymbolExists.c.o：在函数‘main’中：
CheckSymbolExists.c:(.text+0x1b)：对‘pthread_create’未定义的引用
collect2: error: ld returned 1 exit status
CMakeFiles/cmTC_2c340.dir/build.make:97: recipe for target 'cmTC_2c340' failed
make[1]: *** [cmTC_2c340] Error 1
make[1]: 离开目录“/home/autolabor/rs_catkin/build/CMakeFiles/CMakeTmp”
Makefile:126: recipe for target 'cmTC_2c340/fast' failed
make: *** [cmTC_2c340/fast] Error 2

File /home/autolabor/rs_catkin/build/CMakeFiles/CMakeTmp/CheckSymbolExists.c:
/* */
#include <pthread.h>

int main(int argc, char** argv)
{
  (void)argv;
#ifndef pthread_create
  return ((int*)(&pthread_create))[argc];
#else
  (void)argc;
  return 0;
#endif
}

Determining if the function pthread_create exists in the pthreads failed with the following output:
Change Dir: /home/autolabor/rs_catkin/build/CMakeFiles/CMakeTmp

Run Build Command:"/usr/bin/make" "cmTC_7a65c/fast"
/usr/bin/make -f CMakeFiles/cmTC_7a65c.dir/build.make CMakeFiles/cmTC_7a65c.dir/build
make[1]: 进入目录“/home/autolabor/rs_catkin/build/CMakeFiles/CMakeTmp”
Building C object CMakeFiles/cmTC_7a65c.dir/CheckFunctionExists.c.o
/usr/bin/cc   -DCHECK_FUNCTION_EXISTS=pthread_create   -o CMakeFiles/cmTC_7a65c.dir/CheckFunctionExists.c.o   -c /usr/share/cmake-3.10/Modules/CheckFunctionExists.c
Linking C executable cmTC_7a65c
/usr/bin/cmake -E cmake_link_script CMakeFiles/cmTC_7a65c.dir/link.txt --verbose=1
/usr/bin/cc  -DCHECK_FUNCTION_EXISTS=pthread_create    -rdynamic CMakeFiles/cmTC_7a65c.dir/CheckFunctionExists.c.o  -o cmTC_7a65c -lpthreads 
/usr/bin/ld: 找不到 -lpthreads
collect2: error: ld returned 1 exit status
CMakeFiles/cmTC_7a65c.dir/build.make:97: recipe for target 'cmTC_7a65c' failed
make[1]: *** [cmTC_7a65c] Error 1
make[1]: 离开目录“/home/autolabor/rs_catkin/build/CMakeFiles/CMakeTmp”
Makefile:126: recipe for target 'cmTC_7a65c/fast' failed
make: *** [cmTC_7a65c/fast] Error 2


